<?xml version="1.0" ?>
<!DOCTYPE coverage SYSTEM "http://cobertura.sourceforge.net/xml/coverage-04.dtd">
<coverage lines-valid="166"  lines-covered="153"  line-rate="0.9217"  branches-valid="76"  branches-covered="61"  branch-rate="0.8026000000000001"  timestamp="1368836641162" complexity="0" version="0.1">
<sources />
<packages>
	<package name="lib"  line-rate="0.9217"  branch-rate="0.8026000000000001" >
	<classes>
		<class name="BigRational.js"  filename="src/git.ops.betable.com/BigRational/lib/BigRational.js"  line-rate="0.9217"  branch-rate="0.8026000000000001" >
		<methods>
			<method name="(anonymous_1)"  hits="1"  signature="()V" >
				<lines><line number="3"  hits="1" /></lines>
			</method>
			<method name="gcd"  hits="1446"  signature="()V" >
				<lines><line number="7"  hits="1446" /></lines>
			</method>
			<method name="lcm"  hits="31"  signature="()V" >
				<lines><line number="13"  hits="31" /></lines>
			</method>
			<method name="create"  hits="374"  signature="()V" >
				<lines><line number="16"  hits="374" /></lines>
			</method>
			<method name="(anonymous_5)"  hits="189"  signature="()V" >
				<lines><line number="24"  hits="189" /></lines>
			</method>
			<method name="(anonymous_6)"  hits="2"  signature="()V" >
				<lines><line number="37"  hits="2" /></lines>
			</method>
			<method name="(anonymous_7)"  hits="5"  signature="()V" >
				<lines><line number="41"  hits="5" /></lines>
			</method>
			<method name="(anonymous_8)"  hits="4"  signature="()V" >
				<lines><line number="45"  hits="4" /></lines>
			</method>
			<method name="(anonymous_9)"  hits="5"  signature="()V" >
				<lines><line number="48"  hits="5" /></lines>
			</method>
			<method name="(anonymous_10)"  hits="5"  signature="()V" >
				<lines><line number="52"  hits="5" /></lines>
			</method>
			<method name="(anonymous_11)"  hits="3"  signature="()V" >
				<lines><line number="55"  hits="3" /></lines>
			</method>
			<method name="(anonymous_12)"  hits="31"  signature="()V" >
				<lines><line number="59"  hits="31" /></lines>
			</method>
			<method name="(anonymous_13)"  hits="0"  signature="()V" >
				<lines><line number="69"  hits="0" /></lines>
			</method>
			<method name="(anonymous_14)"  hits="7"  signature="()V" >
				<lines><line number="72"  hits="7" /></lines>
			</method>
			<method name="(anonymous_15)"  hits="4"  signature="()V" >
				<lines><line number="76"  hits="4" /></lines>
			</method>
			<method name="(anonymous_16)"  hits="4"  signature="()V" >
				<lines><line number="80"  hits="4" /></lines>
			</method>
			<method name="(anonymous_17)"  hits="4"  signature="()V" >
				<lines><line number="83"  hits="4" /></lines>
			</method>
			<method name="(anonymous_18)"  hits="1"  signature="()V" >
				<lines><line number="86"  hits="1" /></lines>
			</method>
			<method name="(anonymous_19)"  hits="2"  signature="()V" >
				<lines><line number="89"  hits="2" /></lines>
			</method>
			<method name="(anonymous_20)"  hits="40"  signature="()V" >
				<lines><line number="92"  hits="40" /></lines>
			</method>
			<method name="(anonymous_21)"  hits="31"  signature="()V" >
				<lines><line number="105"  hits="31" /></lines>
			</method>
			<method name="(anonymous_22)"  hits="2"  signature="()V" >
				<lines><line number="108"  hits="2" /></lines>
			</method>
			<method name="(anonymous_23)"  hits="2"  signature="()V" >
				<lines><line number="111"  hits="2" /></lines>
			</method>
			<method name="(anonymous_24)"  hits="1"  signature="()V" >
				<lines><line number="114"  hits="1" /></lines>
			</method>
			<method name="(anonymous_25)"  hits="2"  signature="()V" >
				<lines><line number="117"  hits="2" /></lines>
			</method>
			<method name="(anonymous_26)"  hits="1"  signature="()V" >
				<lines><line number="120"  hits="1" /></lines>
			</method>
			<method name="(anonymous_27)"  hits="9"  signature="()V" >
				<lines><line number="123"  hits="9" /></lines>
			</method>
			<method name="(anonymous_28)"  hits="3"  signature="()V" >
				<lines><line number="130"  hits="3" /></lines>
			</method>
			<method name="(anonymous_29)"  hits="3"  signature="()V" >
				<lines><line number="143"  hits="3" /></lines>
			</method>
			<method name="(anonymous_30)"  hits="0"  signature="()V" >
				<lines><line number="146"  hits="0" /></lines>
			</method>
			<method name="(anonymous_31)"  hits="3"  signature="()V" >
				<lines><line number="150"  hits="3" /></lines>
			</method>
			<method name="(anonymous_32)"  hits="5"  signature="()V" >
				<lines><line number="158"  hits="5" /></lines>
			</method>
			<method name="interpret"  hits="88"  signature="()V" >
				<lines><line number="199"  hits="88" /></lines>
			</method>
			<method name="parseDecimal"  hits="59"  signature="()V" >
				<lines><line number="202"  hits="59" /></lines>
			</method>
			<method name="parse"  hits="140"  signature="()V" >
				<lines><line number="240"  hits="140" /></lines>
			</method>
		</methods>
		<lines>
			<line number="3"  hits="1"  branch="false" />
			<line number="4"  hits="1"  branch="true"  condition-coverage="50% (1/2)" />
			<line number="5"  hits="1"  branch="false" />
			<line number="7"  hits="1"  branch="false" />
			<line number="8"  hits="1446"  branch="true"  condition-coverage="100% (2/2)" />
			<line number="9"  hits="220"  branch="false" />
			<line number="11"  hits="1226"  branch="false" />
			<line number="13"  hits="1"  branch="false" />
			<line number="14"  hits="31"  branch="false" />
			<line number="16"  hits="1"  branch="false" />
			<line number="17"  hits="374"  branch="true"  condition-coverage="100% (2/2)" />
			<line number="18"  hits="374"  branch="true"  condition-coverage="100% (2/2)" />
			<line number="19"  hits="374"  branch="false" />
			<line number="25"  hits="189"  branch="false" />
			<line number="26"  hits="189"  branch="false" />
			<line number="27"  hits="189"  branch="false" />
			<line number="28"  hits="189"  branch="true"  condition-coverage="100% (2/2)" />
			<line number="29"  hits="6"  branch="false" />
			<line number="30"  hits="6"  branch="false" />
			<line number="32"  hits="189"  branch="true"  condition-coverage="50% (1/2)" />
			<line number="33"  hits="0"  branch="false" />
			<line number="35"  hits="189"  branch="false" />
			<line number="38"  hits="2"  branch="true"  condition-coverage="100% (2/2)" />
			<line number="39"  hits="1"  branch="false" />
			<line number="42"  hits="5"  branch="false" />
			<line number="43"  hits="5"  branch="false" />
			<line number="46"  hits="4"  branch="false" />
			<line number="49"  hits="5"  branch="false" />
			<line number="50"  hits="5"  branch="false" />
			<line number="53"  hits="5"  branch="false" />
			<line number="56"  hits="3"  branch="false" />
			<line number="57"  hits="3"  branch="false" />
			<line number="60"  hits="31"  branch="false" />
			<line number="61"  hits="31"  branch="false" />
			<line number="62"  hits="31"  branch="false" />
			<line number="63"  hits="31"  branch="false" />
			<line number="65"  hits="31"  branch="false" />
			<line number="66"  hits="31"  branch="false" />
			<line number="67"  hits="31"  branch="false" />
			<line number="70"  hits="0"  branch="false" />
			<line number="73"  hits="7"  branch="false" />
			<line number="74"  hits="7"  branch="false" />
			<line number="77"  hits="4"  branch="false" />
			<line number="78"  hits="4"  branch="false" />
			<line number="81"  hits="4"  branch="false" />
			<line number="84"  hits="4"  branch="false" />
			<line number="87"  hits="1"  branch="false" />
			<line number="90"  hits="2"  branch="false" />
			<line number="93"  hits="40"  branch="false" />
			<line number="94"  hits="40"  branch="true"  condition-coverage="100% (4/4)" />
			<line number="95"  hits="31"  branch="false" />
			<line number="97"  hits="9"  branch="false" />
			<line number="98"  hits="9"  branch="true"  condition-coverage="50% (1/2)" />
			<line number="99"  hits="9"  branch="true"  condition-coverage="100% (2/2)" />
			<line number="100"  hits="5"  branch="false" />
			<line number="102"  hits="4"  branch="false" />
			<line number="106"  hits="31"  branch="false" />
			<line number="109"  hits="2"  branch="false" />
			<line number="112"  hits="2"  branch="false" />
			<line number="115"  hits="1"  branch="false" />
			<line number="118"  hits="2"  branch="false" />
			<line number="121"  hits="1"  branch="false" />
			<line number="124"  hits="9"  branch="false" />
			<line number="125"  hits="9"  branch="true"  condition-coverage="50% (1/2)" />
			<line number="126"  hits="0"  branch="false" />
			<line number="128"  hits="9"  branch="false" />
			<line number="131"  hits="3"  branch="false" />
			<line number="132"  hits="3"  branch="false" />
			<line number="134"  hits="3"  branch="false" />
			<line number="135"  hits="3"  branch="true"  condition-coverage="100% (2/2)" />
			<line number="136"  hits="2"  branch="false" />
			<line number="138"  hits="3"  branch="true"  condition-coverage="50% (1/2)" />
			<line number="139"  hits="0"  branch="false" />
			<line number="141"  hits="3"  branch="false" />
			<line number="144"  hits="3"  branch="false" />
			<line number="147"  hits="0"  branch="false" />
			<line number="148"  hits="0"  branch="false" />
			<line number="151"  hits="3"  branch="false" />
			<line number="159"  hits="5"  branch="true"  condition-coverage="100% (2/2)" />
			<line number="160"  hits="5"  branch="false" />
			<line number="165"  hits="5"  branch="false" />
			<line number="166"  hits="16"  branch="true"  condition-coverage="100% (2/2)" />
			<line number="167"  hits="3"  branch="false" />
			<line number="169"  hits="13"  branch="false" />
			<line number="170"  hits="13"  branch="false" />
			<line number="171"  hits="10"  branch="false" />
			<line number="172"  hits="10"  branch="false" />
			<line number="173"  hits="10"  branch="true"  condition-coverage="100% (2/2)" />
			<line number="175"  hits="13"  branch="false" />
			<line number="176"  hits="13"  branch="false" />
			<line number="178"  hits="13"  branch="false" />
			<line number="180"  hits="5"  branch="true"  condition-coverage="100% (2/2)" />
			<line number="181"  hits="1"  branch="false" />
			<line number="183"  hits="4"  branch="false" />
			<line number="185"  hits="4"  branch="false" />
			<line number="186"  hits="11"  branch="false" />
			<line number="189"  hits="4"  branch="true"  condition-coverage="100% (2/2)" />
			<line number="190"  hits="1"  branch="false" />
			<line number="192"  hits="4"  branch="false" />
			<line number="197"  hits="374"  branch="true"  condition-coverage="100% (2/2)" />
			<line number="199"  hits="1"  branch="false" />
			<line number="200"  hits="88"  branch="false" />
			<line number="202"  hits="1"  branch="false" />
			<line number="203"  hits="59"  branch="false" />
			<line number="204"  hits="59"  branch="true"  condition-coverage="50% (1/2)" />
			<line number="205"  hits="0"  branch="false" />
			<line number="207"  hits="59"  branch="true"  condition-coverage="100% (2/2)" />
			<line number="208"  hits="1"  branch="false" />
			<line number="209"  hits="1"  branch="true"  condition-coverage="50% (1/2)" />
			<line number="210"  hits="1"  branch="false" />
			<line number="211"  hits="1"  branch="false" />
			<line number="213"  hits="1"  branch="true"  condition-coverage="50% (1/2)" />
			<line number="214"  hits="0"  branch="false" />
			<line number="216"  hits="1"  branch="false" />
			<line number="217"  hits="1"  branch="false" />
			<line number="218"  hits="1"  branch="true"  condition-coverage="50% (1/2)" />
			<line number="219"  hits="0"  branch="false" />
			<line number="221"  hits="1"  branch="false" />
			<line number="224"  hits="58"  branch="false" />
			<line number="225"  hits="58"  branch="true"  condition-coverage="50% (1/2)" />
			<line number="226"  hits="0"  branch="false" />
			<line number="228"  hits="58"  branch="true"  condition-coverage="100% (2/2)" />
			<line number="229"  hits="19"  branch="false" />
			<line number="230"  hits="19"  branch="false" />
			<line number="231"  hits="19"  branch="false" />
			<line number="232"  hits="5"  branch="false" />
			<line number="234"  hits="19"  branch="false" />
			<line number="235"  hits="19"  branch="false" />
			<line number="236"  hits="19"  branch="false" />
			<line number="238"  hits="39"  branch="false" />
			<line number="240"  hits="1"  branch="false" />
			<line number="241"  hits="140"  branch="true"  condition-coverage="100% (2/2)" />
			<line number="242"  hits="7"  branch="false" />
			<line number="244"  hits="133"  branch="true"  condition-coverage="100% (2/2)" />
			<line number="245"  hits="22"  branch="false" />
			<line number="247"  hits="111"  branch="true"  condition-coverage="100% (2/2)" />
			<line number="248"  hits="35"  branch="true"  condition-coverage="50% (1/2)" />
			<line number="249"  hits="0"  branch="false" />
			<line number="251"  hits="35"  branch="false" />
			<line number="253"  hits="76"  branch="false" />
			<line number="254"  hits="76"  branch="false" />
			<line number="256"  hits="76"  branch="false" />
			<line number="257"  hits="76"  branch="false" />
			<line number="258"  hits="76"  branch="true"  condition-coverage="50% (1/2)" />
			<line number="259"  hits="0"  branch="false" />
			<line number="261"  hits="76"  branch="true"  condition-coverage="100% (2/2)" />
			<line number="262"  hits="18"  branch="false" />
			<line number="263"  hits="18"  branch="true"  condition-coverage="50% (1/2)" />
			<line number="264"  hits="0"  branch="false" />
			<line number="266"  hits="18"  branch="true"  condition-coverage="100% (2/2)" />
			<line number="267"  hits="4"  branch="false" />
			<line number="268"  hits="4"  branch="false" />
			<line number="269"  hits="4"  branch="true"  condition-coverage="100% (2/2)" />
			<line number="270"  hits="2"  branch="false" />
			<line number="272"  hits="2"  branch="false" />
			<line number="274"  hits="4"  branch="false" />
			<line number="275"  hits="4"  branch="false" />
			<line number="277"  hits="14"  branch="false" />
			<line number="279"  hits="58"  branch="false" />
			<line number="282"  hits="1"  branch="false" />
			<line number="283"  hits="1"  branch="false" />
			<line number="284"  hits="1"  branch="false" />
			<line number="286"  hits="1"  branch="false" />
			<line number="288"  hits="1"  branch="true"  condition-coverage="50% (1/2)" />
			<line number="289"  hits="1"  branch="true"  condition-coverage="50% (1/2)" />
			<line number="290"  hits="1"  branch="false" />
		</lines>
		</class>
	</classes>
	</package>
</packages>
</coverage>
