{"/var/lib/jenkins/jobs/BigRational/workspace/src/git.ops.betable.com/BigRational/lib/BigRational.js":{"path":"/var/lib/jenkins/jobs/BigRational/workspace/src/git.ops.betable.com/BigRational/lib/BigRational.js","s":{"1":1,"2":1,"3":1,"4":1,"5":1431,"6":214,"7":1217,"8":1,"9":31,"10":1,"11":362,"12":362,"13":362,"14":183,"15":183,"16":183,"17":183,"18":4,"19":4,"20":183,"21":0,"22":183,"23":2,"24":1,"25":1,"26":5,"27":5,"28":4,"29":4,"30":4,"31":4,"32":3,"33":3,"34":31,"35":31,"36":31,"37":31,"38":31,"39":31,"40":31,"41":0,"42":7,"43":7,"44":4,"45":4,"46":4,"47":4,"48":1,"49":2,"50":40,"51":40,"52":31,"53":9,"54":9,"55":9,"56":5,"57":4,"58":31,"59":2,"60":2,"61":1,"62":2,"63":1,"64":9,"65":9,"66":0,"67":9,"68":3,"69":3,"70":3,"71":3,"72":2,"73":3,"74":0,"75":3,"76":3,"77":0,"78":0,"79":3,"80":1,"81":1,"82":1,"83":1,"84":1,"85":1,"86":2,"87":1,"88":1,"89":1,"90":0,"91":0,"92":1,"93":1,"94":1,"95":1,"96":0,"97":1,"98":362,"99":1,"100":87,"101":1,"102":57,"103":57,"104":0,"105":57,"106":0,"107":0,"108":0,"109":0,"110":0,"111":0,"112":0,"113":0,"114":0,"115":0,"116":0,"117":57,"118":57,"119":0,"120":57,"121":19,"122":19,"123":19,"124":5,"125":19,"126":19,"127":19,"128":38,"129":1,"130":135,"131":7,"132":128,"133":22,"134":106,"135":34,"136":0,"137":34,"138":72,"139":72,"140":72,"141":72,"142":72,"143":0,"144":72,"145":15,"146":15,"147":0,"148":15,"149":4,"150":4,"151":4,"152":2,"153":2,"154":4,"155":4,"156":11,"157":57,"158":1,"159":1,"160":1,"161":1,"162":1,"163":1,"164":1},"b":{"1":[1,0],"2":[214,1217],"3":[362,76],"4":[362,179],"5":[4,179],"6":[0,183],"7":[1,1],"8":[31,9],"9":[40,31],"10":[9,0],"11":[5,4],"12":[0,9],"13":[2,1],"14":[0,3],"15":[1,1],"16":[1,1],"17":[0,1],"18":[183,179],"19":[0,57],"20":[0,57],"21":[0,0],"22":[0,0],"23":[0,0],"24":[0,57],"25":[19,38],"26":[7,128],"27":[22,106],"28":[34,72],"29":[0,34],"30":[0,72],"31":[15,57],"32":[0,15],"33":[4,11],"34":[2,2],"35":[1,0],"36":[1,0]},"f":{"1":1,"2":1431,"3":31,"4":362,"5":183,"6":2,"7":5,"8":4,"9":4,"10":4,"11":3,"12":31,"13":0,"14":7,"15":4,"16":4,"17":4,"18":1,"19":2,"20":40,"21":31,"22":2,"23":2,"24":1,"25":2,"26":1,"27":9,"28":3,"29":3,"30":0,"31":3,"32":1,"33":87,"34":57,"35":135},"fnMap":{"1":{"name":"(anonymous_1)","line":3,"loc":{"start":{"line":3,"column":14},"end":{"line":3,"column":26}}},"2":{"name":"gcd","line":7,"loc":{"start":{"line":7,"column":4},"end":{"line":7,"column":23}}},"3":{"name":"lcm","line":13,"loc":{"start":{"line":13,"column":4},"end":{"line":13,"column":23}}},"4":{"name":"create","line":16,"loc":{"start":{"line":16,"column":4},"end":{"line":16,"column":59}}},"5":{"name":"(anonymous_5)","line":24,"loc":{"start":{"line":24,"column":20},"end":{"line":24,"column":32}}},"6":{"name":"(anonymous_6)","line":37,"loc":{"start":{"line":37,"column":17},"end":{"line":37,"column":29}}},"7":{"name":"(anonymous_7)","line":41,"loc":{"start":{"line":41,"column":22},"end":{"line":41,"column":38}}},"8":{"name":"(anonymous_8)","line":45,"loc":{"start":{"line":45,"column":19},"end":{"line":45,"column":35}}},"9":{"name":"(anonymous_9)","line":48,"loc":{"start":{"line":48,"column":20},"end":{"line":48,"column":36}}},"10":{"name":"(anonymous_10)","line":52,"loc":{"start":{"line":52,"column":18},"end":{"line":52,"column":34}}},"11":{"name":"(anonymous_11)","line":55,"loc":{"start":{"line":55,"column":17},"end":{"line":55,"column":33}}},"12":{"name":"(anonymous_12)","line":59,"loc":{"start":{"line":59,"column":17},"end":{"line":59,"column":33}}},"13":{"name":"(anonymous_13)","line":69,"loc":{"start":{"line":69,"column":18},"end":{"line":69,"column":34}}},"14":{"name":"(anonymous_14)","line":72,"loc":{"start":{"line":72,"column":20},"end":{"line":72,"column":32}}},"15":{"name":"(anonymous_15)","line":76,"loc":{"start":{"line":76,"column":22},"end":{"line":76,"column":38}}},"16":{"name":"(anonymous_16)","line":80,"loc":{"start":{"line":80,"column":19},"end":{"line":80,"column":35}}},"17":{"name":"(anonymous_17)","line":83,"loc":{"start":{"line":83,"column":24},"end":{"line":83,"column":36}}},"18":{"name":"(anonymous_18)","line":86,"loc":{"start":{"line":86,"column":24},"end":{"line":86,"column":36}}},"19":{"name":"(anonymous_19)","line":89,"loc":{"start":{"line":89,"column":20},"end":{"line":89,"column":32}}},"20":{"name":"(anonymous_20)","line":92,"loc":{"start":{"line":92,"column":21},"end":{"line":92,"column":37}}},"21":{"name":"(anonymous_21)","line":105,"loc":{"start":{"line":105,"column":20},"end":{"line":105,"column":36}}},"22":{"name":"(anonymous_22)","line":108,"loc":{"start":{"line":108,"column":23},"end":{"line":108,"column":39}}},"23":{"name":"(anonymous_23)","line":111,"loc":{"start":{"line":111,"column":20},"end":{"line":111,"column":36}}},"24":{"name":"(anonymous_24)","line":114,"loc":{"start":{"line":114,"column":28},"end":{"line":114,"column":44}}},"25":{"name":"(anonymous_25)","line":117,"loc":{"start":{"line":117,"column":21},"end":{"line":117,"column":37}}},"26":{"name":"(anonymous_26)","line":120,"loc":{"start":{"line":120,"column":29},"end":{"line":120,"column":45}}},"27":{"name":"(anonymous_27)","line":123,"loc":{"start":{"line":123,"column":19},"end":{"line":123,"column":39}}},"28":{"name":"(anonymous_28)","line":130,"loc":{"start":{"line":130,"column":18},"end":{"line":130,"column":38}}},"29":{"name":"(anonymous_29)","line":143,"loc":{"start":{"line":143,"column":19},"end":{"line":143,"column":39}}},"30":{"name":"(anonymous_30)","line":146,"loc":{"start":{"line":146,"column":22},"end":{"line":146,"column":34}}},"31":{"name":"(anonymous_31)","line":150,"loc":{"start":{"line":150,"column":21},"end":{"line":150,"column":32}}},"32":{"name":"(anonymous_32)","line":158,"loc":{"start":{"line":158,"column":23},"end":{"line":158,"column":41}}},"33":{"name":"interpret","line":188,"loc":{"start":{"line":188,"column":4},"end":{"line":188,"column":29}}},"34":{"name":"parseDecimal","line":191,"loc":{"start":{"line":191,"column":4},"end":{"line":191,"column":29}}},"35":{"name":"parse","line":229,"loc":{"start":{"line":229,"column":4},"end":{"line":229,"column":25}}}},"statementMap":{"1":{"start":{"line":3,"column":0},"end":{"line":276,"column":5}},"2":{"start":{"line":4,"column":4},"end":{"line":6,"column":5}},"3":{"start":{"line":5,"column":8},"end":{"line":5,"column":40}},"4":{"start":{"line":7,"column":4},"end":{"line":12,"column":5}},"5":{"start":{"line":8,"column":8},"end":{"line":10,"column":9}},"6":{"start":{"line":9,"column":12},"end":{"line":9,"column":21}},"7":{"start":{"line":11,"column":8},"end":{"line":11,"column":32}},"8":{"start":{"line":13,"column":4},"end":{"line":15,"column":5}},"9":{"start":{"line":14,"column":8},"end":{"line":14,"column":44}},"10":{"start":{"line":16,"column":4},"end":{"line":187,"column":5}},"11":{"start":{"line":17,"column":8},"end":{"line":17,"column":47}},"12":{"start":{"line":18,"column":8},"end":{"line":18,"column":47}},"13":{"start":{"line":19,"column":8},"end":{"line":186,"column":8}},"14":{"start":{"line":25,"column":16},"end":{"line":25,"column":54}},"15":{"start":{"line":26,"column":16},"end":{"line":26,"column":50}},"16":{"start":{"line":27,"column":16},"end":{"line":27,"column":54}},"17":{"start":{"line":28,"column":16},"end":{"line":31,"column":17}},"18":{"start":{"line":29,"column":20},"end":{"line":29,"column":40}},"19":{"start":{"line":30,"column":20},"end":{"line":30,"column":44}},"20":{"start":{"line":32,"column":16},"end":{"line":34,"column":17}},"21":{"start":{"line":33,"column":20},"end":{"line":33,"column":53}},"22":{"start":{"line":35,"column":16},"end":{"line":35,"column":48}},"23":{"start":{"line":38,"column":16},"end":{"line":38,"column":49}},"24":{"start":{"line":38,"column":38},"end":{"line":38,"column":49}},"25":{"start":{"line":39,"column":16},"end":{"line":39,"column":36}},"26":{"start":{"line":42,"column":16},"end":{"line":42,"column":36}},"27":{"start":{"line":43,"column":16},"end":{"line":43,"column":78}},"28":{"start":{"line":46,"column":16},"end":{"line":46,"column":42}},"29":{"start":{"line":49,"column":16},"end":{"line":49,"column":36}},"30":{"start":{"line":50,"column":16},"end":{"line":50,"column":78}},"31":{"start":{"line":53,"column":16},"end":{"line":53,"column":40}},"32":{"start":{"line":56,"column":16},"end":{"line":56,"column":40}},"33":{"start":{"line":57,"column":16},"end":{"line":57,"column":63}},"34":{"start":{"line":60,"column":16},"end":{"line":60,"column":36}},"35":{"start":{"line":61,"column":16},"end":{"line":61,"column":55}},"36":{"start":{"line":62,"column":16},"end":{"line":62,"column":51}},"37":{"start":{"line":63,"column":16},"end":{"line":63,"column":49}},"38":{"start":{"line":65,"column":16},"end":{"line":65,"column":37}},"39":{"start":{"line":66,"column":16},"end":{"line":66,"column":35}},"40":{"start":{"line":67,"column":16},"end":{"line":67,"column":50}},"41":{"start":{"line":70,"column":16},"end":{"line":70,"column":37}},"42":{"start":{"line":73,"column":16},"end":{"line":73,"column":53}},"43":{"start":{"line":74,"column":16},"end":{"line":74,"column":46}},"44":{"start":{"line":77,"column":16},"end":{"line":77,"column":36}},"45":{"start":{"line":78,"column":16},"end":{"line":78,"column":43}},"46":{"start":{"line":81,"column":16},"end":{"line":81,"column":42}},"47":{"start":{"line":84,"column":16},"end":{"line":84,"column":44}},"48":{"start":{"line":87,"column":16},"end":{"line":87,"column":41}},"49":{"start":{"line":90,"column":16},"end":{"line":90,"column":40}},"50":{"start":{"line":93,"column":16},"end":{"line":93,"column":36}},"51":{"start":{"line":94,"column":16},"end":{"line":96,"column":17}},"52":{"start":{"line":95,"column":20},"end":{"line":95,"column":29}},"53":{"start":{"line":97,"column":16},"end":{"line":97,"column":56}},"54":{"start":{"line":98,"column":16},"end":{"line":98,"column":62}},"55":{"start":{"line":99,"column":16},"end":{"line":103,"column":17}},"56":{"start":{"line":100,"column":20},"end":{"line":100,"column":38}},"57":{"start":{"line":102,"column":20},"end":{"line":102,"column":39}},"58":{"start":{"line":106,"column":16},"end":{"line":106,"column":47}},"59":{"start":{"line":109,"column":16},"end":{"line":109,"column":41}},"60":{"start":{"line":112,"column":16},"end":{"line":112,"column":45}},"61":{"start":{"line":115,"column":16},"end":{"line":115,"column":46}},"62":{"start":{"line":118,"column":16},"end":{"line":118,"column":45}},"63":{"start":{"line":121,"column":16},"end":{"line":121,"column":46}},"64":{"start":{"line":124,"column":16},"end":{"line":124,"column":52}},"65":{"start":{"line":125,"column":16},"end":{"line":127,"column":17}},"66":{"start":{"line":126,"column":20},"end":{"line":126,"column":33}},"67":{"start":{"line":128,"column":16},"end":{"line":128,"column":37}},"68":{"start":{"line":131,"column":16},"end":{"line":131,"column":52}},"69":{"start":{"line":132,"column":16},"end":{"line":132,"column":25}},"70":{"start":{"line":134,"column":16},"end":{"line":134,"column":36}},"71":{"start":{"line":135,"column":16},"end":{"line":137,"column":17}},"72":{"start":{"line":136,"column":20},"end":{"line":136,"column":39}},"73":{"start":{"line":138,"column":16},"end":{"line":140,"column":17}},"74":{"start":{"line":139,"column":20},"end":{"line":139,"column":32}},"75":{"start":{"line":141,"column":16},"end":{"line":141,"column":36}},"76":{"start":{"line":144,"column":16},"end":{"line":144,"column":53}},"77":{"start":{"line":147,"column":16},"end":{"line":147,"column":37}},"78":{"start":{"line":148,"column":16},"end":{"line":148,"column":67}},"79":{"start":{"line":151,"column":16},"end":{"line":151,"column":43}},"80":{"start":{"line":159,"column":16},"end":{"line":160,"column":16}},"81":{"start":{"line":160,"column":16},"end":{"line":161,"column":16}},"82":{"start":{"line":161,"column":16},"end":{"line":162,"column":16}},"83":{"start":{"line":162,"column":16},"end":{"line":163,"column":16}},"84":{"start":{"line":163,"column":16},"end":{"line":164,"column":16}},"85":{"start":{"line":164,"column":16},"end":{"line":177,"column":17}},"86":{"start":{"line":165,"column":20},"end":{"line":167,"column":21}},"87":{"start":{"line":166,"column":24},"end":{"line":166,"column":29}},"88":{"start":{"line":168,"column":20},"end":{"line":169,"column":20}},"89":{"start":{"line":169,"column":20},"end":{"line":172,"column":21}},"90":{"start":{"line":170,"column":24},"end":{"line":171,"column":24}},"91":{"start":{"line":171,"column":24},"end":{"line":172,"column":20}},"92":{"start":{"line":173,"column":20},"end":{"line":174,"column":20}},"93":{"start":{"line":174,"column":20},"end":{"line":176,"column":20}},"94":{"start":{"line":176,"column":20},"end":{"line":177,"column":16}},"95":{"start":{"line":178,"column":16},"end":{"line":182,"column":17}},"96":{"start":{"line":179,"column":20},"end":{"line":180,"column":16}},"97":{"start":{"line":181,"column":20},"end":{"line":182,"column":16}},"98":{"start":{"line":186,"column":8},"end":{"line":187,"column":4}},"99":{"start":{"line":188,"column":4},"end":{"line":190,"column":5}},"100":{"start":{"line":189,"column":8},"end":{"line":189,"column":27}},"101":{"start":{"line":191,"column":4},"end":{"line":228,"column":5}},"102":{"start":{"line":192,"column":8},"end":{"line":192,"column":33}},"103":{"start":{"line":193,"column":8},"end":{"line":195,"column":9}},"104":{"start":{"line":194,"column":12},"end":{"line":194,"column":66}},"105":{"start":{"line":196,"column":8},"end":{"line":212,"column":9}},"106":{"start":{"line":197,"column":12},"end":{"line":197,"column":34}},"107":{"start":{"line":198,"column":12},"end":{"line":201,"column":13}},"108":{"start":{"line":199,"column":16},"end":{"line":199,"column":45}},"109":{"start":{"line":200,"column":16},"end":{"line":200,"column":35}},"110":{"start":{"line":202,"column":12},"end":{"line":204,"column":13}},"111":{"start":{"line":203,"column":16},"end":{"line":203,"column":45}},"112":{"start":{"line":205,"column":12},"end":{"line":205,"column":53}},"113":{"start":{"line":206,"column":12},"end":{"line":206,"column":60}},"114":{"start":{"line":207,"column":12},"end":{"line":211,"column":13}},"115":{"start":{"line":208,"column":16},"end":{"line":208,"column":51}},"116":{"start":{"line":210,"column":16},"end":{"line":210,"column":50}},"117":{"start":{"line":213,"column":8},"end":{"line":213,"column":29}},"118":{"start":{"line":214,"column":8},"end":{"line":216,"column":9}},"119":{"start":{"line":215,"column":12},"end":{"line":215,"column":66}},"120":{"start":{"line":217,"column":8},"end":{"line":226,"column":9}},"121":{"start":{"line":218,"column":12},"end":{"line":218,"column":51}},"122":{"start":{"line":219,"column":12},"end":{"line":219,"column":41}},"123":{"start":{"line":220,"column":12},"end":{"line":222,"column":13}},"124":{"start":{"line":221,"column":16},"end":{"line":221,"column":45}},"125":{"start":{"line":223,"column":12},"end":{"line":223,"column":56}},"126":{"start":{"line":224,"column":12},"end":{"line":224,"column":64}},"127":{"start":{"line":225,"column":12},"end":{"line":225,"column":40}},"128":{"start":{"line":227,"column":8},"end":{"line":227,"column":33}},"129":{"start":{"line":229,"column":4},"end":{"line":269,"column":5}},"130":{"start":{"line":230,"column":8},"end":{"line":232,"column":9}},"131":{"start":{"line":231,"column":12},"end":{"line":231,"column":37}},"132":{"start":{"line":233,"column":8},"end":{"line":235,"column":9}},"133":{"start":{"line":234,"column":12},"end":{"line":234,"column":48}},"134":{"start":{"line":236,"column":8},"end":{"line":241,"column":9}},"135":{"start":{"line":237,"column":12},"end":{"line":239,"column":13}},"136":{"start":{"line":238,"column":16},"end":{"line":238,"column":33}},"137":{"start":{"line":240,"column":12},"end":{"line":240,"column":21}},"138":{"start":{"line":242,"column":8},"end":{"line":242,"column":16}},"139":{"start":{"line":243,"column":8},"end":{"line":243,"column":18}},"140":{"start":{"line":245,"column":8},"end":{"line":245,"column":26}},"141":{"start":{"line":246,"column":8},"end":{"line":246,"column":36}},"142":{"start":{"line":247,"column":8},"end":{"line":249,"column":9}},"143":{"start":{"line":248,"column":12},"end":{"line":248,"column":66}},"144":{"start":{"line":250,"column":8},"end":{"line":267,"column":9}},"145":{"start":{"line":251,"column":12},"end":{"line":251,"column":44}},"146":{"start":{"line":252,"column":12},"end":{"line":254,"column":13}},"147":{"start":{"line":253,"column":16},"end":{"line":253,"column":70}},"148":{"start":{"line":255,"column":12},"end":{"line":265,"column":13}},"149":{"start":{"line":256,"column":16},"end":{"line":256,"column":53}},"150":{"start":{"line":257,"column":16},"end":{"line":257,"column":55}},"151":{"start":{"line":258,"column":16},"end":{"line":262,"column":17}},"152":{"start":{"line":259,"column":20},"end":{"line":259,"column":44}},"153":{"start":{"line":261,"column":20},"end":{"line":261,"column":49}},"154":{"start":{"line":263,"column":16},"end":{"line":263,"column":41}},"155":{"start":{"line":264,"column":16},"end":{"line":264,"column":51}},"156":{"start":{"line":266,"column":12},"end":{"line":266,"column":62}},"157":{"start":{"line":268,"column":8},"end":{"line":268,"column":34}},"158":{"start":{"line":271,"column":4},"end":{"line":271,"column":26}},"159":{"start":{"line":272,"column":4},"end":{"line":272,"column":25}},"160":{"start":{"line":273,"column":4},"end":{"line":273,"column":31}},"161":{"start":{"line":275,"column":4},"end":{"line":275,"column":17}},"162":{"start":{"line":277,"column":0},"end":{"line":281,"column":1}},"163":{"start":{"line":278,"column":4},"end":{"line":280,"column":5}},"164":{"start":{"line":279,"column":8},"end":{"line":279,"column":32}}},"branchMap":{"1":{"line":4,"type":"if","locations":[{"start":{"line":4,"column":4},"end":{"line":4,"column":4}},{"start":{"line":4,"column":4},"end":{"line":4,"column":4}}]},"2":{"line":8,"type":"if","locations":[{"start":{"line":8,"column":8},"end":{"line":8,"column":8}},{"start":{"line":8,"column":8},"end":{"line":8,"column":8}}]},"3":{"line":17,"type":"binary-expr","locations":[{"start":{"line":17,"column":22},"end":{"line":17,"column":33}},{"start":{"line":17,"column":37},"end":{"line":17,"column":46}}]},"4":{"line":18,"type":"binary-expr","locations":[{"start":{"line":18,"column":24},"end":{"line":18,"column":37}},{"start":{"line":18,"column":41},"end":{"line":18,"column":46}}]},"5":{"line":28,"type":"if","locations":[{"start":{"line":28,"column":16},"end":{"line":28,"column":16}},{"start":{"line":28,"column":16},"end":{"line":28,"column":16}}]},"6":{"line":32,"type":"if","locations":[{"start":{"line":32,"column":16},"end":{"line":32,"column":16}},{"start":{"line":32,"column":16},"end":{"line":32,"column":16}}]},"7":{"line":38,"type":"if","locations":[{"start":{"line":38,"column":16},"end":{"line":38,"column":16}},{"start":{"line":38,"column":16},"end":{"line":38,"column":16}}]},"8":{"line":94,"type":"if","locations":[{"start":{"line":94,"column":16},"end":{"line":94,"column":16}},{"start":{"line":94,"column":16},"end":{"line":94,"column":16}}]},"9":{"line":94,"type":"binary-expr","locations":[{"start":{"line":94,"column":19},"end":{"line":94,"column":40}},{"start":{"line":94,"column":44},"end":{"line":94,"column":69}}]},"10":{"line":98,"type":"cond-expr","locations":[{"start":{"line":98,"column":55},"end":{"line":98,"column":56}},{"start":{"line":98,"column":59},"end":{"line":98,"column":61}}]},"11":{"line":99,"type":"if","locations":[{"start":{"line":99,"column":16},"end":{"line":99,"column":16}},{"start":{"line":99,"column":16},"end":{"line":99,"column":16}}]},"12":{"line":125,"type":"if","locations":[{"start":{"line":125,"column":16},"end":{"line":125,"column":16}},{"start":{"line":125,"column":16},"end":{"line":125,"column":16}}]},"13":{"line":135,"type":"if","locations":[{"start":{"line":135,"column":16},"end":{"line":135,"column":16}},{"start":{"line":135,"column":16},"end":{"line":135,"column":16}}]},"14":{"line":138,"type":"if","locations":[{"start":{"line":138,"column":16},"end":{"line":138,"column":16}},{"start":{"line":138,"column":16},"end":{"line":138,"column":16}}]},"15":{"line":159,"type":"binary-expr","locations":[{"start":{"line":159,"column":25},"end":{"line":159,"column":31}},{"start":{"line":159,"column":35},"end":{"line":159,"column":37}}]},"16":{"line":165,"type":"if","locations":[{"start":{"line":165,"column":20},"end":{"line":165,"column":20}},{"start":{"line":165,"column":20},"end":{"line":165,"column":20}}]},"17":{"line":178,"type":"if","locations":[{"start":{"line":178,"column":16},"end":{"line":178,"column":16}},{"start":{"line":178,"column":16},"end":{"line":178,"column":16}}]},"18":{"line":186,"type":"cond-expr","locations":[{"start":{"line":186,"column":31},"end":{"line":186,"column":34}},{"start":{"line":186,"column":37},"end":{"line":186,"column":49}}]},"19":{"line":193,"type":"if","locations":[{"start":{"line":193,"column":8},"end":{"line":193,"column":8}},{"start":{"line":193,"column":8},"end":{"line":193,"column":8}}]},"20":{"line":196,"type":"if","locations":[{"start":{"line":196,"column":8},"end":{"line":196,"column":8}},{"start":{"line":196,"column":8},"end":{"line":196,"column":8}}]},"21":{"line":198,"type":"if","locations":[{"start":{"line":198,"column":12},"end":{"line":198,"column":12}},{"start":{"line":198,"column":12},"end":{"line":198,"column":12}}]},"22":{"line":202,"type":"if","locations":[{"start":{"line":202,"column":12},"end":{"line":202,"column":12}},{"start":{"line":202,"column":12},"end":{"line":202,"column":12}}]},"23":{"line":207,"type":"if","locations":[{"start":{"line":207,"column":12},"end":{"line":207,"column":12}},{"start":{"line":207,"column":12},"end":{"line":207,"column":12}}]},"24":{"line":214,"type":"if","locations":[{"start":{"line":214,"column":8},"end":{"line":214,"column":8}},{"start":{"line":214,"column":8},"end":{"line":214,"column":8}}]},"25":{"line":217,"type":"if","locations":[{"start":{"line":217,"column":8},"end":{"line":217,"column":8}},{"start":{"line":217,"column":8},"end":{"line":217,"column":8}}]},"26":{"line":230,"type":"if","locations":[{"start":{"line":230,"column":8},"end":{"line":230,"column":8}},{"start":{"line":230,"column":8},"end":{"line":230,"column":8}}]},"27":{"line":233,"type":"if","locations":[{"start":{"line":233,"column":8},"end":{"line":233,"column":8}},{"start":{"line":233,"column":8},"end":{"line":233,"column":8}}]},"28":{"line":236,"type":"if","locations":[{"start":{"line":236,"column":8},"end":{"line":236,"column":8}},{"start":{"line":236,"column":8},"end":{"line":236,"column":8}}]},"29":{"line":237,"type":"if","locations":[{"start":{"line":237,"column":12},"end":{"line":237,"column":12}},{"start":{"line":237,"column":12},"end":{"line":237,"column":12}}]},"30":{"line":247,"type":"if","locations":[{"start":{"line":247,"column":8},"end":{"line":247,"column":8}},{"start":{"line":247,"column":8},"end":{"line":247,"column":8}}]},"31":{"line":250,"type":"if","locations":[{"start":{"line":250,"column":8},"end":{"line":250,"column":8}},{"start":{"line":250,"column":8},"end":{"line":250,"column":8}}]},"32":{"line":252,"type":"if","locations":[{"start":{"line":252,"column":12},"end":{"line":252,"column":12}},{"start":{"line":252,"column":12},"end":{"line":252,"column":12}}]},"33":{"line":255,"type":"if","locations":[{"start":{"line":255,"column":12},"end":{"line":255,"column":12}},{"start":{"line":255,"column":12},"end":{"line":255,"column":12}}]},"34":{"line":258,"type":"if","locations":[{"start":{"line":258,"column":16},"end":{"line":258,"column":16}},{"start":{"line":258,"column":16},"end":{"line":258,"column":16}}]},"35":{"line":277,"type":"if","locations":[{"start":{"line":277,"column":0},"end":{"line":277,"column":0}},{"start":{"line":277,"column":0},"end":{"line":277,"column":0}}]},"36":{"line":278,"type":"if","locations":[{"start":{"line":278,"column":4},"end":{"line":278,"column":4}},{"start":{"line":278,"column":4},"end":{"line":278,"column":4}}]}}}}