{"/var/lib/jenkins/jobs/BigRational/workspace/src/git.ops.betable.com/BigRational/lib/BigRational.js":{"path":"/var/lib/jenkins/jobs/BigRational/workspace/src/git.ops.betable.com/BigRational/lib/BigRational.js","s":{"1":1,"2":1,"3":1,"4":1,"5":1446,"6":220,"7":1226,"8":1,"9":31,"10":1,"11":374,"12":374,"13":374,"14":189,"15":189,"16":189,"17":189,"18":6,"19":6,"20":189,"21":0,"22":189,"23":2,"24":1,"25":1,"26":5,"27":5,"28":4,"29":5,"30":5,"31":5,"32":3,"33":3,"34":31,"35":31,"36":31,"37":31,"38":31,"39":31,"40":31,"41":0,"42":7,"43":7,"44":4,"45":4,"46":4,"47":4,"48":1,"49":2,"50":40,"51":40,"52":31,"53":9,"54":9,"55":9,"56":5,"57":4,"58":31,"59":2,"60":2,"61":1,"62":2,"63":1,"64":9,"65":9,"66":0,"67":9,"68":3,"69":3,"70":3,"71":3,"72":2,"73":3,"74":0,"75":3,"76":3,"77":0,"78":0,"79":3,"80":5,"81":5,"82":5,"83":16,"84":3,"85":13,"86":13,"87":10,"88":10,"89":10,"90":1,"91":13,"92":13,"93":13,"94":5,"95":1,"96":4,"97":4,"98":11,"99":4,"100":1,"101":4,"102":374,"103":1,"104":88,"105":1,"106":59,"107":59,"108":0,"109":59,"110":1,"111":1,"112":1,"113":1,"114":1,"115":0,"116":1,"117":1,"118":1,"119":0,"120":1,"121":58,"122":58,"123":0,"124":58,"125":19,"126":19,"127":19,"128":5,"129":19,"130":19,"131":19,"132":39,"133":1,"134":140,"135":7,"136":133,"137":22,"138":111,"139":35,"140":0,"141":35,"142":76,"143":76,"144":76,"145":76,"146":76,"147":0,"148":76,"149":18,"150":18,"151":0,"152":18,"153":4,"154":4,"155":4,"156":2,"157":2,"158":4,"159":4,"160":14,"161":58,"162":1,"163":1,"164":1,"165":1,"166":1,"167":1,"168":1},"b":{"1":[1,0],"2":[220,1226],"3":[374,78],"4":[374,185],"5":[6,183],"6":[0,189],"7":[1,1],"8":[31,9],"9":[40,31],"10":[9,0],"11":[5,4],"12":[0,9],"13":[2,1],"14":[0,3],"15":[5,5],"16":[3,13],"17":[1,9],"18":[1,4],"19":[1,3],"20":[189,185],"21":[0,59],"22":[1,58],"23":[1,0],"24":[0,1],"25":[0,1],"26":[0,58],"27":[19,39],"28":[7,133],"29":[22,111],"30":[35,76],"31":[0,35],"32":[0,76],"33":[18,58],"34":[0,18],"35":[4,14],"36":[2,2],"37":[1,0],"38":[1,0]},"f":{"1":1,"2":1446,"3":31,"4":374,"5":189,"6":2,"7":5,"8":4,"9":5,"10":5,"11":3,"12":31,"13":0,"14":7,"15":4,"16":4,"17":4,"18":1,"19":2,"20":40,"21":31,"22":2,"23":2,"24":1,"25":2,"26":1,"27":9,"28":3,"29":3,"30":0,"31":3,"32":5,"33":88,"34":59,"35":140},"fnMap":{"1":{"name":"(anonymous_1)","line":3,"loc":{"start":{"line":3,"column":14},"end":{"line":3,"column":26}}},"2":{"name":"gcd","line":7,"loc":{"start":{"line":7,"column":4},"end":{"line":7,"column":23}}},"3":{"name":"lcm","line":13,"loc":{"start":{"line":13,"column":4},"end":{"line":13,"column":23}}},"4":{"name":"create","line":16,"loc":{"start":{"line":16,"column":4},"end":{"line":16,"column":59}}},"5":{"name":"(anonymous_5)","line":24,"loc":{"start":{"line":24,"column":20},"end":{"line":24,"column":32}}},"6":{"name":"(anonymous_6)","line":37,"loc":{"start":{"line":37,"column":17},"end":{"line":37,"column":29}}},"7":{"name":"(anonymous_7)","line":41,"loc":{"start":{"line":41,"column":22},"end":{"line":41,"column":38}}},"8":{"name":"(anonymous_8)","line":45,"loc":{"start":{"line":45,"column":19},"end":{"line":45,"column":35}}},"9":{"name":"(anonymous_9)","line":48,"loc":{"start":{"line":48,"column":20},"end":{"line":48,"column":36}}},"10":{"name":"(anonymous_10)","line":52,"loc":{"start":{"line":52,"column":18},"end":{"line":52,"column":34}}},"11":{"name":"(anonymous_11)","line":55,"loc":{"start":{"line":55,"column":17},"end":{"line":55,"column":33}}},"12":{"name":"(anonymous_12)","line":59,"loc":{"start":{"line":59,"column":17},"end":{"line":59,"column":33}}},"13":{"name":"(anonymous_13)","line":69,"loc":{"start":{"line":69,"column":18},"end":{"line":69,"column":34}}},"14":{"name":"(anonymous_14)","line":72,"loc":{"start":{"line":72,"column":20},"end":{"line":72,"column":32}}},"15":{"name":"(anonymous_15)","line":76,"loc":{"start":{"line":76,"column":22},"end":{"line":76,"column":38}}},"16":{"name":"(anonymous_16)","line":80,"loc":{"start":{"line":80,"column":19},"end":{"line":80,"column":35}}},"17":{"name":"(anonymous_17)","line":83,"loc":{"start":{"line":83,"column":24},"end":{"line":83,"column":36}}},"18":{"name":"(anonymous_18)","line":86,"loc":{"start":{"line":86,"column":24},"end":{"line":86,"column":36}}},"19":{"name":"(anonymous_19)","line":89,"loc":{"start":{"line":89,"column":20},"end":{"line":89,"column":32}}},"20":{"name":"(anonymous_20)","line":92,"loc":{"start":{"line":92,"column":21},"end":{"line":92,"column":37}}},"21":{"name":"(anonymous_21)","line":105,"loc":{"start":{"line":105,"column":20},"end":{"line":105,"column":36}}},"22":{"name":"(anonymous_22)","line":108,"loc":{"start":{"line":108,"column":23},"end":{"line":108,"column":39}}},"23":{"name":"(anonymous_23)","line":111,"loc":{"start":{"line":111,"column":20},"end":{"line":111,"column":36}}},"24":{"name":"(anonymous_24)","line":114,"loc":{"start":{"line":114,"column":28},"end":{"line":114,"column":44}}},"25":{"name":"(anonymous_25)","line":117,"loc":{"start":{"line":117,"column":21},"end":{"line":117,"column":37}}},"26":{"name":"(anonymous_26)","line":120,"loc":{"start":{"line":120,"column":29},"end":{"line":120,"column":45}}},"27":{"name":"(anonymous_27)","line":123,"loc":{"start":{"line":123,"column":19},"end":{"line":123,"column":39}}},"28":{"name":"(anonymous_28)","line":130,"loc":{"start":{"line":130,"column":18},"end":{"line":130,"column":38}}},"29":{"name":"(anonymous_29)","line":143,"loc":{"start":{"line":143,"column":19},"end":{"line":143,"column":39}}},"30":{"name":"(anonymous_30)","line":146,"loc":{"start":{"line":146,"column":22},"end":{"line":146,"column":34}}},"31":{"name":"(anonymous_31)","line":150,"loc":{"start":{"line":150,"column":21},"end":{"line":150,"column":32}}},"32":{"name":"(anonymous_32)","line":158,"loc":{"start":{"line":158,"column":23},"end":{"line":158,"column":41}}},"33":{"name":"interpret","line":199,"loc":{"start":{"line":199,"column":4},"end":{"line":199,"column":29}}},"34":{"name":"parseDecimal","line":202,"loc":{"start":{"line":202,"column":4},"end":{"line":202,"column":29}}},"35":{"name":"parse","line":240,"loc":{"start":{"line":240,"column":4},"end":{"line":240,"column":25}}}},"statementMap":{"1":{"start":{"line":3,"column":0},"end":{"line":287,"column":5}},"2":{"start":{"line":4,"column":4},"end":{"line":6,"column":5}},"3":{"start":{"line":5,"column":8},"end":{"line":5,"column":40}},"4":{"start":{"line":7,"column":4},"end":{"line":12,"column":5}},"5":{"start":{"line":8,"column":8},"end":{"line":10,"column":9}},"6":{"start":{"line":9,"column":12},"end":{"line":9,"column":21}},"7":{"start":{"line":11,"column":8},"end":{"line":11,"column":32}},"8":{"start":{"line":13,"column":4},"end":{"line":15,"column":5}},"9":{"start":{"line":14,"column":8},"end":{"line":14,"column":44}},"10":{"start":{"line":16,"column":4},"end":{"line":198,"column":5}},"11":{"start":{"line":17,"column":8},"end":{"line":17,"column":47}},"12":{"start":{"line":18,"column":8},"end":{"line":18,"column":47}},"13":{"start":{"line":19,"column":8},"end":{"line":197,"column":8}},"14":{"start":{"line":25,"column":16},"end":{"line":25,"column":54}},"15":{"start":{"line":26,"column":16},"end":{"line":26,"column":50}},"16":{"start":{"line":27,"column":16},"end":{"line":27,"column":54}},"17":{"start":{"line":28,"column":16},"end":{"line":31,"column":17}},"18":{"start":{"line":29,"column":20},"end":{"line":29,"column":40}},"19":{"start":{"line":30,"column":20},"end":{"line":30,"column":44}},"20":{"start":{"line":32,"column":16},"end":{"line":34,"column":17}},"21":{"start":{"line":33,"column":20},"end":{"line":33,"column":53}},"22":{"start":{"line":35,"column":16},"end":{"line":35,"column":48}},"23":{"start":{"line":38,"column":16},"end":{"line":38,"column":49}},"24":{"start":{"line":38,"column":38},"end":{"line":38,"column":49}},"25":{"start":{"line":39,"column":16},"end":{"line":39,"column":36}},"26":{"start":{"line":42,"column":16},"end":{"line":42,"column":36}},"27":{"start":{"line":43,"column":16},"end":{"line":43,"column":78}},"28":{"start":{"line":46,"column":16},"end":{"line":46,"column":42}},"29":{"start":{"line":49,"column":16},"end":{"line":49,"column":36}},"30":{"start":{"line":50,"column":16},"end":{"line":50,"column":78}},"31":{"start":{"line":53,"column":16},"end":{"line":53,"column":40}},"32":{"start":{"line":56,"column":16},"end":{"line":56,"column":40}},"33":{"start":{"line":57,"column":16},"end":{"line":57,"column":63}},"34":{"start":{"line":60,"column":16},"end":{"line":60,"column":36}},"35":{"start":{"line":61,"column":16},"end":{"line":61,"column":55}},"36":{"start":{"line":62,"column":16},"end":{"line":62,"column":51}},"37":{"start":{"line":63,"column":16},"end":{"line":63,"column":49}},"38":{"start":{"line":65,"column":16},"end":{"line":65,"column":37}},"39":{"start":{"line":66,"column":16},"end":{"line":66,"column":35}},"40":{"start":{"line":67,"column":16},"end":{"line":67,"column":50}},"41":{"start":{"line":70,"column":16},"end":{"line":70,"column":37}},"42":{"start":{"line":73,"column":16},"end":{"line":73,"column":53}},"43":{"start":{"line":74,"column":16},"end":{"line":74,"column":46}},"44":{"start":{"line":77,"column":16},"end":{"line":77,"column":36}},"45":{"start":{"line":78,"column":16},"end":{"line":78,"column":43}},"46":{"start":{"line":81,"column":16},"end":{"line":81,"column":42}},"47":{"start":{"line":84,"column":16},"end":{"line":84,"column":44}},"48":{"start":{"line":87,"column":16},"end":{"line":87,"column":41}},"49":{"start":{"line":90,"column":16},"end":{"line":90,"column":40}},"50":{"start":{"line":93,"column":16},"end":{"line":93,"column":36}},"51":{"start":{"line":94,"column":16},"end":{"line":96,"column":17}},"52":{"start":{"line":95,"column":20},"end":{"line":95,"column":29}},"53":{"start":{"line":97,"column":16},"end":{"line":97,"column":56}},"54":{"start":{"line":98,"column":16},"end":{"line":98,"column":62}},"55":{"start":{"line":99,"column":16},"end":{"line":103,"column":17}},"56":{"start":{"line":100,"column":20},"end":{"line":100,"column":38}},"57":{"start":{"line":102,"column":20},"end":{"line":102,"column":39}},"58":{"start":{"line":106,"column":16},"end":{"line":106,"column":47}},"59":{"start":{"line":109,"column":16},"end":{"line":109,"column":41}},"60":{"start":{"line":112,"column":16},"end":{"line":112,"column":45}},"61":{"start":{"line":115,"column":16},"end":{"line":115,"column":46}},"62":{"start":{"line":118,"column":16},"end":{"line":118,"column":45}},"63":{"start":{"line":121,"column":16},"end":{"line":121,"column":46}},"64":{"start":{"line":124,"column":16},"end":{"line":124,"column":52}},"65":{"start":{"line":125,"column":16},"end":{"line":127,"column":17}},"66":{"start":{"line":126,"column":20},"end":{"line":126,"column":33}},"67":{"start":{"line":128,"column":16},"end":{"line":128,"column":37}},"68":{"start":{"line":131,"column":16},"end":{"line":131,"column":52}},"69":{"start":{"line":132,"column":16},"end":{"line":132,"column":25}},"70":{"start":{"line":134,"column":16},"end":{"line":134,"column":36}},"71":{"start":{"line":135,"column":16},"end":{"line":137,"column":17}},"72":{"start":{"line":136,"column":20},"end":{"line":136,"column":39}},"73":{"start":{"line":138,"column":16},"end":{"line":140,"column":17}},"74":{"start":{"line":139,"column":20},"end":{"line":139,"column":32}},"75":{"start":{"line":141,"column":16},"end":{"line":141,"column":36}},"76":{"start":{"line":144,"column":16},"end":{"line":144,"column":53}},"77":{"start":{"line":147,"column":16},"end":{"line":147,"column":37}},"78":{"start":{"line":148,"column":16},"end":{"line":148,"column":67}},"79":{"start":{"line":151,"column":16},"end":{"line":151,"column":43}},"80":{"start":{"line":159,"column":16},"end":{"line":160,"column":16}},"81":{"start":{"line":160,"column":16},"end":{"line":165,"column":16}},"82":{"start":{"line":165,"column":16},"end":{"line":179,"column":17}},"83":{"start":{"line":166,"column":20},"end":{"line":168,"column":21}},"84":{"start":{"line":167,"column":24},"end":{"line":167,"column":29}},"85":{"start":{"line":169,"column":20},"end":{"line":170,"column":20}},"86":{"start":{"line":170,"column":20},"end":{"line":174,"column":21}},"87":{"start":{"line":171,"column":24},"end":{"line":172,"column":24}},"88":{"start":{"line":172,"column":24},"end":{"line":173,"column":24}},"89":{"start":{"line":173,"column":24},"end":{"line":173,"column":64}},"90":{"start":{"line":173,"column":57},"end":{"line":173,"column":63}},"91":{"start":{"line":175,"column":20},"end":{"line":176,"column":20}},"92":{"start":{"line":176,"column":20},"end":{"line":178,"column":20}},"93":{"start":{"line":178,"column":20},"end":{"line":179,"column":16}},"94":{"start":{"line":180,"column":16},"end":{"line":193,"column":17}},"95":{"start":{"line":181,"column":20},"end":{"line":182,"column":16}},"96":{"start":{"line":183,"column":20},"end":{"line":185,"column":20}},"97":{"start":{"line":185,"column":20},"end":{"line":187,"column":21}},"98":{"start":{"line":186,"column":24},"end":{"line":187,"column":20}},"99":{"start":{"line":189,"column":20},"end":{"line":191,"column":21}},"100":{"start":{"line":190,"column":23},"end":{"line":191,"column":20}},"101":{"start":{"line":192,"column":20},"end":{"line":193,"column":16}},"102":{"start":{"line":197,"column":8},"end":{"line":198,"column":4}},"103":{"start":{"line":199,"column":4},"end":{"line":201,"column":5}},"104":{"start":{"line":200,"column":8},"end":{"line":200,"column":27}},"105":{"start":{"line":202,"column":4},"end":{"line":239,"column":5}},"106":{"start":{"line":203,"column":8},"end":{"line":203,"column":33}},"107":{"start":{"line":204,"column":8},"end":{"line":206,"column":9}},"108":{"start":{"line":205,"column":12},"end":{"line":205,"column":66}},"109":{"start":{"line":207,"column":8},"end":{"line":223,"column":9}},"110":{"start":{"line":208,"column":12},"end":{"line":208,"column":34}},"111":{"start":{"line":209,"column":12},"end":{"line":212,"column":13}},"112":{"start":{"line":210,"column":16},"end":{"line":210,"column":45}},"113":{"start":{"line":211,"column":16},"end":{"line":211,"column":35}},"114":{"start":{"line":213,"column":12},"end":{"line":215,"column":13}},"115":{"start":{"line":214,"column":16},"end":{"line":214,"column":45}},"116":{"start":{"line":216,"column":12},"end":{"line":216,"column":53}},"117":{"start":{"line":217,"column":12},"end":{"line":217,"column":60}},"118":{"start":{"line":218,"column":12},"end":{"line":222,"column":13}},"119":{"start":{"line":219,"column":16},"end":{"line":219,"column":51}},"120":{"start":{"line":221,"column":16},"end":{"line":221,"column":50}},"121":{"start":{"line":224,"column":8},"end":{"line":224,"column":29}},"122":{"start":{"line":225,"column":8},"end":{"line":227,"column":9}},"123":{"start":{"line":226,"column":12},"end":{"line":226,"column":66}},"124":{"start":{"line":228,"column":8},"end":{"line":237,"column":9}},"125":{"start":{"line":229,"column":12},"end":{"line":229,"column":51}},"126":{"start":{"line":230,"column":12},"end":{"line":230,"column":41}},"127":{"start":{"line":231,"column":12},"end":{"line":233,"column":13}},"128":{"start":{"line":232,"column":16},"end":{"line":232,"column":45}},"129":{"start":{"line":234,"column":12},"end":{"line":234,"column":56}},"130":{"start":{"line":235,"column":12},"end":{"line":235,"column":64}},"131":{"start":{"line":236,"column":12},"end":{"line":236,"column":40}},"132":{"start":{"line":238,"column":8},"end":{"line":238,"column":33}},"133":{"start":{"line":240,"column":4},"end":{"line":280,"column":5}},"134":{"start":{"line":241,"column":8},"end":{"line":243,"column":9}},"135":{"start":{"line":242,"column":12},"end":{"line":242,"column":37}},"136":{"start":{"line":244,"column":8},"end":{"line":246,"column":9}},"137":{"start":{"line":245,"column":12},"end":{"line":245,"column":48}},"138":{"start":{"line":247,"column":8},"end":{"line":252,"column":9}},"139":{"start":{"line":248,"column":12},"end":{"line":250,"column":13}},"140":{"start":{"line":249,"column":16},"end":{"line":249,"column":33}},"141":{"start":{"line":251,"column":12},"end":{"line":251,"column":21}},"142":{"start":{"line":253,"column":8},"end":{"line":253,"column":16}},"143":{"start":{"line":254,"column":8},"end":{"line":254,"column":18}},"144":{"start":{"line":256,"column":8},"end":{"line":256,"column":26}},"145":{"start":{"line":257,"column":8},"end":{"line":257,"column":36}},"146":{"start":{"line":258,"column":8},"end":{"line":260,"column":9}},"147":{"start":{"line":259,"column":12},"end":{"line":259,"column":66}},"148":{"start":{"line":261,"column":8},"end":{"line":278,"column":9}},"149":{"start":{"line":262,"column":12},"end":{"line":262,"column":44}},"150":{"start":{"line":263,"column":12},"end":{"line":265,"column":13}},"151":{"start":{"line":264,"column":16},"end":{"line":264,"column":70}},"152":{"start":{"line":266,"column":12},"end":{"line":276,"column":13}},"153":{"start":{"line":267,"column":16},"end":{"line":267,"column":53}},"154":{"start":{"line":268,"column":16},"end":{"line":268,"column":55}},"155":{"start":{"line":269,"column":16},"end":{"line":273,"column":17}},"156":{"start":{"line":270,"column":20},"end":{"line":270,"column":44}},"157":{"start":{"line":272,"column":20},"end":{"line":272,"column":49}},"158":{"start":{"line":274,"column":16},"end":{"line":274,"column":41}},"159":{"start":{"line":275,"column":16},"end":{"line":275,"column":51}},"160":{"start":{"line":277,"column":12},"end":{"line":277,"column":62}},"161":{"start":{"line":279,"column":8},"end":{"line":279,"column":34}},"162":{"start":{"line":282,"column":4},"end":{"line":282,"column":26}},"163":{"start":{"line":283,"column":4},"end":{"line":283,"column":25}},"164":{"start":{"line":284,"column":4},"end":{"line":284,"column":31}},"165":{"start":{"line":286,"column":4},"end":{"line":286,"column":17}},"166":{"start":{"line":288,"column":0},"end":{"line":292,"column":1}},"167":{"start":{"line":289,"column":4},"end":{"line":291,"column":5}},"168":{"start":{"line":290,"column":8},"end":{"line":290,"column":32}}},"branchMap":{"1":{"line":4,"type":"if","locations":[{"start":{"line":4,"column":4},"end":{"line":4,"column":4}},{"start":{"line":4,"column":4},"end":{"line":4,"column":4}}]},"2":{"line":8,"type":"if","locations":[{"start":{"line":8,"column":8},"end":{"line":8,"column":8}},{"start":{"line":8,"column":8},"end":{"line":8,"column":8}}]},"3":{"line":17,"type":"binary-expr","locations":[{"start":{"line":17,"column":22},"end":{"line":17,"column":33}},{"start":{"line":17,"column":37},"end":{"line":17,"column":46}}]},"4":{"line":18,"type":"binary-expr","locations":[{"start":{"line":18,"column":24},"end":{"line":18,"column":37}},{"start":{"line":18,"column":41},"end":{"line":18,"column":46}}]},"5":{"line":28,"type":"if","locations":[{"start":{"line":28,"column":16},"end":{"line":28,"column":16}},{"start":{"line":28,"column":16},"end":{"line":28,"column":16}}]},"6":{"line":32,"type":"if","locations":[{"start":{"line":32,"column":16},"end":{"line":32,"column":16}},{"start":{"line":32,"column":16},"end":{"line":32,"column":16}}]},"7":{"line":38,"type":"if","locations":[{"start":{"line":38,"column":16},"end":{"line":38,"column":16}},{"start":{"line":38,"column":16},"end":{"line":38,"column":16}}]},"8":{"line":94,"type":"if","locations":[{"start":{"line":94,"column":16},"end":{"line":94,"column":16}},{"start":{"line":94,"column":16},"end":{"line":94,"column":16}}]},"9":{"line":94,"type":"binary-expr","locations":[{"start":{"line":94,"column":19},"end":{"line":94,"column":40}},{"start":{"line":94,"column":44},"end":{"line":94,"column":69}}]},"10":{"line":98,"type":"cond-expr","locations":[{"start":{"line":98,"column":55},"end":{"line":98,"column":56}},{"start":{"line":98,"column":59},"end":{"line":98,"column":61}}]},"11":{"line":99,"type":"if","locations":[{"start":{"line":99,"column":16},"end":{"line":99,"column":16}},{"start":{"line":99,"column":16},"end":{"line":99,"column":16}}]},"12":{"line":125,"type":"if","locations":[{"start":{"line":125,"column":16},"end":{"line":125,"column":16}},{"start":{"line":125,"column":16},"end":{"line":125,"column":16}}]},"13":{"line":135,"type":"if","locations":[{"start":{"line":135,"column":16},"end":{"line":135,"column":16}},{"start":{"line":135,"column":16},"end":{"line":135,"column":16}}]},"14":{"line":138,"type":"if","locations":[{"start":{"line":138,"column":16},"end":{"line":138,"column":16}},{"start":{"line":138,"column":16},"end":{"line":138,"column":16}}]},"15":{"line":159,"type":"binary-expr","locations":[{"start":{"line":159,"column":25},"end":{"line":159,"column":31}},{"start":{"line":159,"column":35},"end":{"line":159,"column":37}}]},"16":{"line":166,"type":"if","locations":[{"start":{"line":166,"column":20},"end":{"line":166,"column":20}},{"start":{"line":166,"column":20},"end":{"line":166,"column":20}}]},"17":{"line":173,"type":"if","locations":[{"start":{"line":173,"column":24},"end":{"line":173,"column":24}},{"start":{"line":173,"column":24},"end":{"line":173,"column":24}}]},"18":{"line":180,"type":"if","locations":[{"start":{"line":180,"column":16},"end":{"line":180,"column":16}},{"start":{"line":180,"column":16},"end":{"line":180,"column":16}}]},"19":{"line":189,"type":"if","locations":[{"start":{"line":189,"column":20},"end":{"line":189,"column":20}},{"start":{"line":189,"column":20},"end":{"line":189,"column":20}}]},"20":{"line":197,"type":"cond-expr","locations":[{"start":{"line":197,"column":31},"end":{"line":197,"column":34}},{"start":{"line":197,"column":37},"end":{"line":197,"column":49}}]},"21":{"line":204,"type":"if","locations":[{"start":{"line":204,"column":8},"end":{"line":204,"column":8}},{"start":{"line":204,"column":8},"end":{"line":204,"column":8}}]},"22":{"line":207,"type":"if","locations":[{"start":{"line":207,"column":8},"end":{"line":207,"column":8}},{"start":{"line":207,"column":8},"end":{"line":207,"column":8}}]},"23":{"line":209,"type":"if","locations":[{"start":{"line":209,"column":12},"end":{"line":209,"column":12}},{"start":{"line":209,"column":12},"end":{"line":209,"column":12}}]},"24":{"line":213,"type":"if","locations":[{"start":{"line":213,"column":12},"end":{"line":213,"column":12}},{"start":{"line":213,"column":12},"end":{"line":213,"column":12}}]},"25":{"line":218,"type":"if","locations":[{"start":{"line":218,"column":12},"end":{"line":218,"column":12}},{"start":{"line":218,"column":12},"end":{"line":218,"column":12}}]},"26":{"line":225,"type":"if","locations":[{"start":{"line":225,"column":8},"end":{"line":225,"column":8}},{"start":{"line":225,"column":8},"end":{"line":225,"column":8}}]},"27":{"line":228,"type":"if","locations":[{"start":{"line":228,"column":8},"end":{"line":228,"column":8}},{"start":{"line":228,"column":8},"end":{"line":228,"column":8}}]},"28":{"line":241,"type":"if","locations":[{"start":{"line":241,"column":8},"end":{"line":241,"column":8}},{"start":{"line":241,"column":8},"end":{"line":241,"column":8}}]},"29":{"line":244,"type":"if","locations":[{"start":{"line":244,"column":8},"end":{"line":244,"column":8}},{"start":{"line":244,"column":8},"end":{"line":244,"column":8}}]},"30":{"line":247,"type":"if","locations":[{"start":{"line":247,"column":8},"end":{"line":247,"column":8}},{"start":{"line":247,"column":8},"end":{"line":247,"column":8}}]},"31":{"line":248,"type":"if","locations":[{"start":{"line":248,"column":12},"end":{"line":248,"column":12}},{"start":{"line":248,"column":12},"end":{"line":248,"column":12}}]},"32":{"line":258,"type":"if","locations":[{"start":{"line":258,"column":8},"end":{"line":258,"column":8}},{"start":{"line":258,"column":8},"end":{"line":258,"column":8}}]},"33":{"line":261,"type":"if","locations":[{"start":{"line":261,"column":8},"end":{"line":261,"column":8}},{"start":{"line":261,"column":8},"end":{"line":261,"column":8}}]},"34":{"line":263,"type":"if","locations":[{"start":{"line":263,"column":12},"end":{"line":263,"column":12}},{"start":{"line":263,"column":12},"end":{"line":263,"column":12}}]},"35":{"line":266,"type":"if","locations":[{"start":{"line":266,"column":12},"end":{"line":266,"column":12}},{"start":{"line":266,"column":12},"end":{"line":266,"column":12}}]},"36":{"line":269,"type":"if","locations":[{"start":{"line":269,"column":16},"end":{"line":269,"column":16}},{"start":{"line":269,"column":16},"end":{"line":269,"column":16}}]},"37":{"line":288,"type":"if","locations":[{"start":{"line":288,"column":0},"end":{"line":288,"column":0}},{"start":{"line":288,"column":0},"end":{"line":288,"column":0}}]},"38":{"line":289,"type":"if","locations":[{"start":{"line":289,"column":4},"end":{"line":289,"column":4}},{"start":{"line":289,"column":4},"end":{"line":289,"column":4}}]}}}}